0 info it worked if it ends with ok
1 verbose cli [ 'node', '/usr/local/bin/npm', 'install' ]
2 info using npm@1.4.28
3 info using node@v0.10.32
4 verbose readDependencies using package.json deps
5 verbose install where, deps [ '/Users/Hiro/Projects/adiaz.github.com',
5 verbose install   [ 'grunt',
5 verbose install     'grunt-autoprefixer',
5 verbose install     'grunt-build-control',
5 verbose install     'grunt-concurrent',
5 verbose install     'grunt-contrib-clean',
5 verbose install     'grunt-contrib-compass',
5 verbose install     'grunt-contrib-concat',
5 verbose install     'grunt-contrib-connect',
5 verbose install     'grunt-contrib-copy',
5 verbose install     'grunt-contrib-cssmin',
5 verbose install     'grunt-contrib-htmlmin',
5 verbose install     'grunt-contrib-imagemin',
5 verbose install     'grunt-contrib-jshint',
5 verbose install     'grunt-contrib-uglify',
5 verbose install     'grunt-contrib-watch',
5 verbose install     'grunt-filerev',
5 verbose install     'grunt-jekyll',
5 verbose install     'grunt-svgmin',
5 verbose install     'grunt-usemin',
5 verbose install     'grunt-wiredep',
5 verbose install     'jit-grunt',
5 verbose install     'jshint-stylish',
5 verbose install     'time-grunt' ] ]
6 info preinstall adiaz.github.com@0.1.0
7 verbose readDependencies using package.json deps
8 verbose already installed skipping grunt-contrib-concat@~0.3.0 /Users/Hiro/Projects/adiaz.github.com
9 verbose cache add [ 'grunt-contrib-connect@~0.9.0-pre', null ]
10 verbose cache add name=undefined spec="grunt-contrib-connect@~0.9.0-pre" args=["grunt-contrib-connect@~0.9.0-pre",null]
11 verbose parsed url { protocol: null,
11 verbose parsed url   slashes: null,
11 verbose parsed url   auth: null,
11 verbose parsed url   host: null,
11 verbose parsed url   port: null,
11 verbose parsed url   hostname: null,
11 verbose parsed url   hash: null,
11 verbose parsed url   search: null,
11 verbose parsed url   query: null,
11 verbose parsed url   pathname: 'grunt-contrib-connect@~0.9.0-pre',
11 verbose parsed url   path: 'grunt-contrib-connect@~0.9.0-pre',
11 verbose parsed url   href: 'grunt-contrib-connect@~0.9.0-pre' }
12 verbose already installed skipping grunt-contrib-copy@~0.5.0 /Users/Hiro/Projects/adiaz.github.com
13 verbose already installed skipping grunt-contrib-cssmin@~0.7.0 /Users/Hiro/Projects/adiaz.github.com
14 verbose cache add name="grunt-contrib-connect" spec="~0.9.0-pre" args=["grunt-contrib-connect","~0.9.0-pre"]
15 verbose parsed url { protocol: null,
15 verbose parsed url   slashes: null,
15 verbose parsed url   auth: null,
15 verbose parsed url   host: null,
15 verbose parsed url   port: null,
15 verbose parsed url   hostname: null,
15 verbose parsed url   hash: null,
15 verbose parsed url   search: null,
15 verbose parsed url   query: null,
15 verbose parsed url   pathname: '~0.9.0-pre',
15 verbose parsed url   path: '~0.9.0-pre',
15 verbose parsed url   href: '~0.9.0-pre' }
16 verbose addNamed [ 'grunt-contrib-connect', '~0.9.0-pre' ]
17 verbose addNamed [ null, '>=0.9.0-pre <0.10.0-0' ]
18 verbose already installed skipping grunt-contrib-htmlmin@~0.1.3 /Users/Hiro/Projects/adiaz.github.com
19 silly lockFile 98efa77b-grunt-contrib-connect-0-9-0-pre grunt-contrib-connect@~0.9.0-pre
20 verbose lock grunt-contrib-connect@~0.9.0-pre /Users/Hiro/.npm/98efa77b-grunt-contrib-connect-0-9-0-pre.lock
21 verbose already installed skipping grunt-contrib-imagemin@~0.5.0 /Users/Hiro/Projects/adiaz.github.com
22 verbose already installed skipping grunt-contrib-jshint@~0.8.0 /Users/Hiro/Projects/adiaz.github.com
23 silly addNameRange { name: 'grunt-contrib-connect',
23 silly addNameRange   range: '>=0.9.0-pre <0.10.0-0',
23 silly addNameRange   hasData: false }
24 verbose already installed skipping grunt-contrib-uglify@~0.3.0 /Users/Hiro/Projects/adiaz.github.com
25 verbose already installed skipping grunt-contrib-watch@^0.6.1 /Users/Hiro/Projects/adiaz.github.com
26 verbose already installed skipping grunt-filerev@~0.2.0 /Users/Hiro/Projects/adiaz.github.com
27 verbose request where is /grunt-contrib-connect
28 verbose request registry https://registry.npmjs.org/
29 verbose request id 038ec36caf5048d4
30 verbose url raw /grunt-contrib-connect
31 verbose url resolving [ 'https://registry.npmjs.org/', './grunt-contrib-connect' ]
32 verbose url resolved https://registry.npmjs.org/grunt-contrib-connect
33 verbose request where is https://registry.npmjs.org/grunt-contrib-connect
34 info trying registry request attempt 1 at 12:29:03
35 verbose etag "8M3PWZ6KKERVGAJXPJFTFL5PQ"
36 http GET https://registry.npmjs.org/grunt-contrib-connect
37 verbose already installed skipping grunt-jekyll@~0.4.1 /Users/Hiro/Projects/adiaz.github.com
38 verbose already installed skipping grunt-svgmin@~0.3.0 /Users/Hiro/Projects/adiaz.github.com
39 verbose already installed skipping grunt-usemin@~2.0.0 /Users/Hiro/Projects/adiaz.github.com
40 verbose already installed skipping grunt-wiredep@~1.7.0 /Users/Hiro/Projects/adiaz.github.com
41 verbose already installed skipping jit-grunt@^0.9.0 /Users/Hiro/Projects/adiaz.github.com
42 verbose already installed skipping jshint-stylish@~0.1.3 /Users/Hiro/Projects/adiaz.github.com
43 verbose already installed skipping time-grunt@~0.2.8 /Users/Hiro/Projects/adiaz.github.com
44 verbose already installed skipping grunt@~0.4.1 /Users/Hiro/Projects/adiaz.github.com
45 verbose already installed skipping grunt-autoprefixer@~0.6.4 /Users/Hiro/Projects/adiaz.github.com
46 verbose already installed skipping grunt-build-control@~0.1.2 /Users/Hiro/Projects/adiaz.github.com
47 verbose already installed skipping grunt-concurrent@~0.4.3 /Users/Hiro/Projects/adiaz.github.com
48 verbose already installed skipping grunt-contrib-clean@~0.5.0 /Users/Hiro/Projects/adiaz.github.com
49 verbose already installed skipping grunt-contrib-compass@~0.7.2 /Users/Hiro/Projects/adiaz.github.com
50 http 304 https://registry.npmjs.org/grunt-contrib-connect
51 silly registry.get cb [ 304,
51 silly registry.get   { date: 'Mon, 27 Oct 2014 16:29:03 GMT',
51 silly registry.get     server: 'Apache',
51 silly registry.get     via: '1.1 varnish',
51 silly registry.get     'last-modified': 'Mon, 27 Oct 2014 16:28:38 GMT',
51 silly registry.get     'cache-control': 'max-age=60',
51 silly registry.get     etag: '"8M3PWZ6KKERVGAJXPJFTFL5PQ"',
51 silly registry.get     age: '50',
51 silly registry.get     'x-served-by': 'cache-jfk1030-JFK',
51 silly registry.get     'x-cache': 'HIT',
51 silly registry.get     'x-cache-hits': '2',
51 silly registry.get     'x-timer': 'S1414427343.662363,VS0,VE0',
51 silly registry.get     vary: 'Accept',
51 silly registry.get     'content-length': '0',
51 silly registry.get     'keep-alive': 'timeout=10, max=50',
51 silly registry.get     connection: 'Keep-Alive' } ]
52 verbose etag https://registry.npmjs.org/grunt-contrib-connect from cache
53 silly addNameRange number 2 { name: 'grunt-contrib-connect',
53 silly addNameRange   range: '>=0.9.0-pre <0.10.0-0',
53 silly addNameRange   hasData: true }
54 silly addNameRange versions [ 'grunt-contrib-connect',
54 silly addNameRange   [ '0.1.0',
54 silly addNameRange     '0.1.1',
54 silly addNameRange     '0.1.2',
54 silly addNameRange     '0.2.0',
54 silly addNameRange     '0.3.0',
54 silly addNameRange     '0.4.0',
54 silly addNameRange     '0.4.1',
54 silly addNameRange     '0.4.2',
54 silly addNameRange     '0.5.0',
54 silly addNameRange     '0.6.0',
54 silly addNameRange     '0.7.0',
54 silly addNameRange     '0.7.1',
54 silly addNameRange     '0.8.0',
54 silly addNameRange     '0.1.1-rc6' ] ]
55 silly lockFile 98efa77b-grunt-contrib-connect-0-9-0-pre grunt-contrib-connect@~0.9.0-pre
56 silly lockFile 98efa77b-grunt-contrib-connect-0-9-0-pre grunt-contrib-connect@~0.9.0-pre
57 error notarget No compatible version found: grunt-contrib-connect@'>=0.9.0-pre <0.10.0-0'
57 error notarget Valid install targets:
57 error notarget ["0.1.0","0.1.1","0.1.2","0.2.0","0.3.0","0.4.0","0.4.1","0.4.2","0.5.0","0.6.0","0.7.0","0.7.1","0.8.0","0.1.1-rc6"]
57 error notarget
57 error notarget This is most likely not a problem with npm itself.
57 error notarget In most cases you or one of your dependencies are requesting
57 error notarget a package version that doesn't exist.
58 error System Darwin 14.0.0
59 error command "node" "/usr/local/bin/npm" "install"
60 error cwd /Users/Hiro/Projects/adiaz.github.com
61 error node -v v0.10.32
62 error npm -v 1.4.28
63 error code ETARGET
64 verbose exit [ 1, true ]
